<?xml version="1.0" encoding="UTF-8"?>
<testng-results ignored="0" total="1" passed="1" failed="0" skipped="0">
  <reporter-output>
  </reporter-output>
  <suite started-at="2023-08-07T14:10:41 ART" name="Default suite" finished-at="2023-08-07T14:10:48 ART" duration-ms="7252">
    <groups>
    </groups>
    <test started-at="2023-08-07T14:10:41 ART" name="Default test" finished-at="2023-08-07T14:10:48 ART" duration-ms="7252">
      <class name="challenge_tests.saucedemo_tests">
        <test-method is-config="true" signature="beforeTest()[pri:0, instance:challenge_tests.saucedemo_tests@75d3a5e0]" started-at="2023-08-07T14:10:41 ART" name="beforeTest" finished-at="2023-08-07T14:10:47 ART" duration-ms="6780" status="PASS">
          <reporter-output>
          </reporter-output>
        </test-method> <!-- beforeTest -->
        <test-method signature="SauceTests()[pri:0, instance:challenge_tests.saucedemo_tests@75d3a5e0]" started-at="2023-08-07T14:10:47 ART" name="SauceTests" finished-at="2023-08-07T14:10:48 ART" duration-ms="276" status="PASS">
          <reporter-output>
          </reporter-output>
        </test-method> <!-- SauceTests -->
        <test-method is-config="true" signature="afterTest()[pri:0, instance:challenge_tests.saucedemo_tests@75d3a5e0]" started-at="2023-08-07T14:10:48 ART" name="afterTest" finished-at="2023-08-07T14:10:48 ART" duration-ms="164" status="PASS">
          <reporter-output>
          </reporter-output>
        </test-method> <!-- afterTest -->
      </class> <!-- challenge_tests.saucedemo_tests -->
    </test> <!-- Default test -->
  </suite> <!-- Default suite -->
</testng-results>
